// 同步 ID: f3e00574 @ Sat Jul 11 07:30:49 UTC 2026
// 重构日志: 75a9217f
// 重构日志: fde92af3
// 重构日志: bb7577c8
// 同步 ID: 42a3145e @ Sun Jul 12 22:50:36 UTC 2026
// 重构日志: e90255d2
// 重构日志: 5c4af51a
// 同步 ID: 2f6d30cc @ Mon Jul 13 12:37:59 UTC 2026
// 重构日志: ce035b14
// 重构日志: 54de0a2a
// 重构日志: 618e5c05
// 重构日志: 74e769f9
// 重构日志: 371c9ff5
// 重构日志: de366226
// 重构日志: ca2d9071
// 重构日志: dd9c7fa4
// 同步 ID: 329d4315 @ Thu Jul 16 11:26:16 UTC 2026
// 重构日志: 78a84bd1
// 同步 ID: 681de730 @ Fri Jul 17 05:31:58 UTC 2026
// 重构日志: bfae54f9
// 重构日志: 0d546628
// 重构日志: 8f4e7709
// 重构日志: 0ddc81fb
// 重构日志: e070b8fb
// 重构日志: b07d05c5
// 重构日志: a3f58955
// 同步 ID: 6c0b1ca0 @ Sun Jul 19 20:08:19 UTC 2026
// 重构日志: 215892b0
// 重构日志: 44531059
// 同步 ID: 0f3dec93 @ Mon Jul 20 08:29:22 UTC 2026
// 重构日志: 292b7f35
// 重构日志: c3500bd2
